<?xml version="1.0" encoding="UTF-8"?>
<!-- Generated by org.testng.reporters.JUnitXMLReporter -->
<testsuite ignored="0" hostname="LAPTOP-VGDPET1H" failures="0" tests="1" name="Test" time="0.063" errors="0" timestamp="2025-02-26T22:16:23 IST">
  <testcase classname="base.BaseTest" name="@BeforeClass setup" time="0.014">
    <failure type="java.lang.NullPointerException" message="Cannot invoke &amp;quot;java.util.Properties.getProperty(String)&amp;quot; because &amp;quot;utils.ConfigReader.properties&amp;quot; is null">
      <![CDATA[java.lang.NullPointerException: Cannot invoke "java.util.Properties.getProperty(String)" because "utils.ConfigReader.properties" is null
at utils.ConfigReader.getProperty(ConfigReader.java:21)
at base.BaseTest.setup(BaseTest.java:23)
at java.base/java.util.ArrayList.forEach(ArrayList.java:1511)
... Removed 23 stack frames]]>
    </failure>
  </testcase> <!-- @BeforeClass setup -->
  <testcase classname="base.BaseTest" name="@AfterClass tearDown" time="0.0">
    <skipped/>
  </testcase> <!-- @AfterClass tearDown -->
  <testcase classname="tests.ValidateQuotationTest" name="validateQuotationDetails" time="0.0">
    <skipped/>
  </testcase> <!-- validateQuotationDetails -->
</testsuite> <!-- Test -->
